<?xml version="1.0" encoding="UTF-8"?>
<!-- Generated by org.testng.reporters.JUnitReportReporter -->
<testsuite hostname="JINO" failures="0" tests="1" name="GR.Tests.LoginPageErrorMessageValidationTest" time="7.946" errors="0" timestamp="2024-06-13T12:38:12 IST" skipped="0">
  <testcase classname="GR.Tests.LoginPageErrorMessageValidationTest" name="EcomerceOrderPlacingTest" time="7.946"/>
  <system-out/>
</testsuite> <!-- GR.Tests.LoginPageErrorMessageValidationTest -->
