<?xml version="1.0" encoding="UTF-8"?>
<!-- Generated by org.testng.reporters.JUnitReportReporter -->
<testsuite hostname="JINO" failures="0" tests="1" name="GR.Tests.ProductsErrorMessageValidationTest" time="12.127" errors="0" timestamp="2024-04-28T11:14:40 IST" skipped="0">
  <testcase classname="GR.Tests.ProductsErrorMessageValidationTest" name="EcomerceOrderPlacingTest" time="12.127"/>
  <system-out/>
</testsuite> <!-- GR.Tests.ProductsErrorMessageValidationTest -->
